2025-03-15 17:50:39,344 - INFO - Worker started and listening for recommendation events...
2025-03-15 18:04:04,149 - INFO - Received message: {'type': 'message', 'pattern': None, 'channel': 'recommendation_channel', 'data': '{"patient_id": 1, "recommendation_id": "a559c06e-e69c-4fda-a05a-c908914a7c45", "recommendation": "Post-Op Rehabilitation Plan", "timestamp": "2025-03-15T18:04:04.042915"}'}
2025-03-15 18:04:04,152 - INFO - Processing recommendation: Post-Op Rehabilitation Plan for patient 1
2025-03-15 18:04:04,153 - INFO - Email sent to patient 1 with recommendation: Post-Op Rehabilitation Plan
2025-03-15 18:06:14,745 - INFO - Received message: {'type': 'message', 'pattern': None, 'channel': 'recommendation_channel', 'data': '{"patient_id": 2, "recommendation_id": "7c28ca8c-7ac8-4f22-b8dc-730922a5dea9", "recommendation": "Physical Therapy", "timestamp": "2025-03-15T18:06:13.887969"}'}
2025-03-15 18:06:14,747 - INFO - Processing recommendation: Physical Therapy for patient 2
2025-03-15 18:06:14,748 - INFO - Email sent to patient 2 with recommendation: Physical Therapy
2025-03-15 18:06:15,756 - INFO - Received message: {'type': 'message', 'pattern': None, 'channel': 'recommendation_channel', 'data': '{"patient_id": 2, "recommendation_id": "3a900846-9a96-4bae-afdc-c6e73dcf1195", "recommendation": "Weight Management Program", "timestamp": "2025-03-15T18:06:13.889672"}'}
2025-03-15 18:06:15,757 - INFO - Processing recommendation: Weight Management Program for patient 2
2025-03-15 18:06:15,758 - INFO - Email sent to patient 2 with recommendation: Weight Management Program
2025-03-17 14:27:09,104 - INFO - Worker started and listening for recommendation events...
2025-03-17 15:14:59,942 - INFO - Worker started and listening for recommendation events...
2025-03-17 15:18:27,852 - INFO - Received message: {'type': 'message', 'pattern': None, 'channel': 'recommendation_channel', 'data': '{"patient_id": 1, "recommendation_id": "f28caa9f-cb58-442e-b9b0-e9f93f0d4973", "recommendation": "Post-Op Rehabilitation Plan", "timestamp": "2025-03-17T15:18:27.631768"}'}
2025-03-17 15:18:27,853 - INFO - Processing recommendation: Post-Op Rehabilitation Plan for patient 1
2025-03-17 15:18:27,853 - INFO - Email sent to patient 1 with recommendation: Post-Op Rehabilitation Plan
2025-03-17 15:19:31,133 - INFO - Received message: {'type': 'message', 'pattern': None, 'channel': 'recommendation_channel', 'data': '{"patient_id": 1, "recommendation_id": "0ecf37c9-d2ae-4ec3-8fa9-dec13d8b3b57", "recommendation": "Post-Op Rehabilitation Plan", "timestamp": "2025-03-17T15:19:30.639039"}'}
2025-03-17 15:19:31,135 - INFO - Processing recommendation: Post-Op Rehabilitation Plan for patient 1
2025-03-17 15:19:31,136 - INFO - Email sent to patient 1 with recommendation: Post-Op Rehabilitation Plan
2025-03-17 15:19:32,139 - INFO - Received message: {'type': 'message', 'pattern': None, 'channel': 'recommendation_channel', 'data': '{"patient_id": 1, "recommendation_id": "9933b834-7d34-4955-be2d-1f852bf1fa56", "recommendation": "Weight Management Program", "timestamp": "2025-03-17T15:19:30.640336"}'}
2025-03-17 15:19:32,140 - INFO - Processing recommendation: Weight Management Program for patient 1
2025-03-17 15:19:32,141 - INFO - Email sent to patient 1 with recommendation: Weight Management Program
2025-03-17 15:22:49,013 - INFO - Received message: {'type': 'message', 'pattern': None, 'channel': 'recommendation_channel', 'data': '{"patient_id": 2, "recommendation_id": "1a9ca2aa-3875-4aa1-841e-d6f17bdc10aa", "recommendation": "Physical Therapy", "timestamp": "2025-03-17T15:22:48.516064"}'}
2025-03-17 15:22:49,017 - INFO - Processing recommendation: Physical Therapy for patient 2
2025-03-17 15:22:49,017 - INFO - Email sent to patient 2 with recommendation: Physical Therapy
2025-03-17 15:22:50,019 - INFO - Received message: {'type': 'message', 'pattern': None, 'channel': 'recommendation_channel', 'data': '{"patient_id": 2, "recommendation_id": "d87fa956-95e1-4b17-953b-b8219441a0b1", "recommendation": "Weight Management Program", "timestamp": "2025-03-17T15:22:48.517097"}'}
2025-03-17 15:22:50,021 - INFO - Processing recommendation: Weight Management Program for patient 2
2025-03-17 15:22:50,021 - INFO - Email sent to patient 2 with recommendation: Weight Management Program
2025-03-17 15:23:47,271 - INFO - Received message: {'type': 'message', 'pattern': None, 'channel': 'recommendation_channel', 'data': '{"patient_id": 2, "recommendation_id": "9064e65c-f63d-44d6-94fd-37c391102e24", "recommendation": "Physical Therapy", "timestamp": "2025-03-17T15:23:47.209544"}'}
2025-03-17 15:23:47,272 - INFO - Processing recommendation: Physical Therapy for patient 2
2025-03-17 15:23:47,272 - INFO - Email sent to patient 2 with recommendation: Physical Therapy
